<?xml version="1.0" encoding="UTF-8"?>
<testng-results skipped="0" failed="0" ignored="0" total="1" passed="1">
  <reporter-output>
  </reporter-output>
  <suite name="Default suite" duration-ms="265" started-at="2019-10-15T08:35:58Z" finished-at="2019-10-15T08:35:58Z">
    <groups>
    </groups>
    <test name="Default test" duration-ms="265" started-at="2019-10-15T08:35:58Z" finished-at="2019-10-15T08:35:58Z">
      <class name="Files.GetTimestamp">
        <test-method status="PASS" signature="timeStamp()[pri:0, instance:Files.GetTimestamp@4b4523f8]" name="timeStamp" duration-ms="144" started-at="2019-10-15T14:05:58Z" finished-at="2019-10-15T14:05:58Z">
          <reporter-output>
          </reporter-output>
        </test-method> <!-- timeStamp -->
      </class> <!-- Files.GetTimestamp -->
    </test> <!-- Default test -->
  </suite> <!-- Default suite -->
</testng-results>
