<?xml version="1.0" encoding="UTF-8"?>
<testng-results skipped="0" failed="0" ignored="0" total="1" passed="1">
  <reporter-output>
  </reporter-output>
  <suite name="Default suite" duration-ms="11707" started-at="2019-10-23T08:06:31Z" finished-at="2019-10-23T08:06:43Z">
    <groups>
    </groups>
    <test name="Default test" duration-ms="11707" started-at="2019-10-23T08:06:31Z" finished-at="2019-10-23T08:06:43Z">
      <class name="Test.TrendingHashTags">
        <test-method status="PASS" signature="DisplayHashtag()[pri:0, instance:Test.TrendingHashTags@4b4523f8]" name="DisplayHashtag" duration-ms="11672" started-at="2019-10-23T13:36:31Z" finished-at="2019-10-23T13:36:43Z">
          <reporter-output>
          </reporter-output>
        </test-method> <!-- DisplayHashtag -->
      </class> <!-- Test.TrendingHashTags -->
    </test> <!-- Default test -->
  </suite> <!-- Default suite -->
</testng-results>
