<?xml version="1.0" encoding="UTF-8"?>
<!-- Generated by org.testng.reporters.JUnitXMLReporter -->
<testsuite hostname="CBT-MH-000" ignored="0" name="Test" tests="7" failures="0" timestamp="31 Oct 2019 04:12:05 GMT" time="28.477" errors="0">
  <testcase name="createTweet" time="8.17" classname="Test.CreatingTweet"/>
  <testcase name="searchTweet" time="2.603" classname="Test.SearchingTweet"/>
  <testcase name="weatherTweet" time="2.188" classname="Test.WeatherUpdate"/>
  <testcase name="searchTweet" time="1.85" classname="Test.DisplayingUsername"/>
  <testcase name="DisplayHashtag" time="7.465" classname="Test.TrendingHashTags"/>
  <testcase name="searchTweet" time="4.691" classname="Test.ListTweetsofUser"/>
  <testcase name="searchTweet" time="1.307" classname="Test.BlockUser"/>
</testsuite> <!-- Test -->
