<?xml version="1.0" encoding="UTF-8"?>
<testsuite xmlns:xsi="http://www.w3.org/2001/XMLSchema-instance" xsi:noNamespaceSchemaLocation="https://maven.apache.org/surefire/maven-surefire-plugin/xsd/surefire-test-report-3.0.xsd" version="3.0" name="TestSuite" time="3.859" tests="7" errors="0" skipped="0" failures="7">
  <properties>
[...]
</properties>
  <testcase name="createTweet" classname="Test.CreatingTweet" time="2.578">
    <failure message="com/github/scribejava/core/model/Token" type="java.lang.NoClassDefFoundError">java.lang.NoClassDefFoundError: com/github/scribejava/core/model/Token
	at Test.CreatingTweet.createTweet(CreatingTweet.java:29)
Caused by: java.lang.ClassNotFoundException: com.github.scribejava.core.model.Token
	at Test.CreatingTweet.createTweet(CreatingTweet.java:29)
</failure>
  </testcase>
  <testcase name="searchTweet" classname="Test.SearchingTweet" time="0.046">
    <failure message="com/github/scribejava/core/model/Token" type="java.lang.NoClassDefFoundError">java.lang.NoClassDefFoundError: com/github/scribejava/core/model/Token
	at Test.SearchingTweet.searchTweet(SearchingTweet.java:31)
Caused by: java.lang.ClassNotFoundException: com.github.scribejava.core.model.Token
	at Test.SearchingTweet.searchTweet(SearchingTweet.java:31)
</failure>
  </testcase>
  <testcase name="weatherTweet" classname="Test.WeatherUpdate" time="0.016">
    <failure message="com/github/scribejava/core/model/Token" type="java.lang.NoClassDefFoundError">java.lang.NoClassDefFoundError: com/github/scribejava/core/model/Token
	at Test.WeatherUpdate.weatherTweet(WeatherUpdate.java:31)
Caused by: java.lang.ClassNotFoundException: com.github.scribejava.core.model.Token
	at Test.WeatherUpdate.weatherTweet(WeatherUpdate.java:31)
</failure>
  </testcase>
  <testcase name="searchTweet" classname="Test.DisplayingUsername" time="0.047">
    <failure message="com/github/scribejava/core/model/Token" type="java.lang.NoClassDefFoundError">java.lang.NoClassDefFoundError: com/github/scribejava/core/model/Token
	at Test.DisplayingUsername.searchTweet(DisplayingUsername.java:31)
Caused by: java.lang.ClassNotFoundException: com.github.scribejava.core.model.Token
	at Test.DisplayingUsername.searchTweet(DisplayingUsername.java:31)
</failure>
  </testcase>
  <testcase name="DisplayHashtag" classname="Test.TrendingHashTags" time="0">
    <failure message="com/github/scribejava/core/model/Token" type="java.lang.NoClassDefFoundError">java.lang.NoClassDefFoundError: com/github/scribejava/core/model/Token
	at Test.TrendingHashTags.DisplayHashtag(TrendingHashTags.java:31)
Caused by: java.lang.ClassNotFoundException: com.github.scribejava.core.model.Token
	at Test.TrendingHashTags.DisplayHashtag(TrendingHashTags.java:31)
</failure>
  </testcase>
  <testcase name="searchTweet" classname="Test.ListTweetsofUser" time="0.046">
    <failure message="com/github/scribejava/core/model/Token" type="java.lang.NoClassDefFoundError">java.lang.NoClassDefFoundError: com/github/scribejava/core/model/Token
	at Test.ListTweetsofUser.searchTweet(ListTweetsofUser.java:31)
Caused by: java.lang.ClassNotFoundException: com.github.scribejava.core.model.Token
	at Test.ListTweetsofUser.searchTweet(ListTweetsofUser.java:31)
</failure>
  </testcase>
  <testcase name="searchTweet" classname="Test.BlockUser" time="0">
    <failure message="com/github/scribejava/core/model/Token" type="java.lang.NoClassDefFoundError">java.lang.NoClassDefFoundError: com/github/scribejava/core/model/Token
	at Test.BlockUser.searchTweet(BlockUser.java:32)
Caused by: java.lang.ClassNotFoundException: com.github.scribejava.core.model.Token
	at Test.BlockUser.searchTweet(BlockUser.java:32)
</failure>
  </testcase>
</testsuite>